Godot Engine v4.4.1.stable.official.49a5bc7b6 - https://godotengine.org

first_scan_filesystem: begin: Project initialization steps: 5
	first_scan_filesystem: step 0: Scanning file structure...
	first_scan_filesystem: step 1: Loading global class names...
	first_scan_filesystem: step 2: Verifying GDExtensions...
	first_scan_filesystem: step 3: Creating autoload scripts...
	first_scan_filesystem: step 4: Initializing plugins...
WARNING: Adding 'InformationSection' as child to '_PanelContainer_22285' will make owner 'Text' inconsistent. Consider unsetting the owner beforehand.
   at: add_child (scene/main/node.cpp:1664)
WARNING: Adding 'InfoSection' as child to '_PanelContainer_22304' will make owner 'Saving' inconsistent. Consider unsetting the owner beforehand.
   at: add_child (scene/main/node.cpp:1664)
WARNING: Adding 'InfoSection' as child to '_PanelContainer_22317' will make owner 'Translations' inconsistent. Consider unsetting the owner beforehand.
   at: add_child (scene/main/node.cpp:1664)
WARNING: Trying to access a non-existing editor theme font 'main_button_font' in 'EditorFonts'.
   at: get_font (editor/themes/editor_theme.cpp:70)
	first_scan_filesystem: step 5: Starting file scan...
first_scan_filesystem: end
update_scripts_classes: begin: Registering global classes... steps: 14
	update_scripts_classes: step 0: 
	update_scripts_classes: step 1: 
	update_scripts_classes: step 2: Doorway
	update_scripts_classes: step 3: FlavourSpot
	update_scripts_classes: step 4: Interactable
	update_scripts_classes: step 5: Searchable
	update_scripts_classes: step 6: Minigames
	update_scripts_classes: step 7: 
	update_scripts_classes: step 8: 
	update_scripts_classes: step 9: 
	update_scripts_classes: step 10: 
	update_scripts_classes: step 11: RoomBase
	update_scripts_classes: step 12: 
	update_scripts_classes: step 13: 
update_scripts_classes: end
_update_scan_actions: begin: Scanning actions... steps: 6
	_update_scan_actions: step 0: airlock.png
	_update_scan_actions: step 1: cockpit.png
	_update_scan_actions: step 2: fighter_bay.png
	_update_scan_actions: step 3: science_lab.png
	_update_scan_actions: step 4: viewing_deck.png
	_update_scan_actions: step 5: rooms_check.png
_update_scan_actions: end
reimport: begin: (Re)Importing Assets steps: 6
	reimport: step 0: Preparing files to reimport...
	reimport: step 1: Preparing files to reimport...
	reimport: step 2: Preparing files to reimport...
	reimport: step 3: Preparing files to reimport...
	reimport: step 4: Preparing files to reimport...
	reimport: step 5: Preparing files to reimport...
	reimport: step 0: Executing pre-reimport operations...
	reimport: step 0: airlock.png
	reimport: step 1: cockpit.png
	reimport: step 3: science_lab.png
	reimport: step 5: rooms_check.png
	reimport: step 6: Finalizing Asset Import...
reimport: end
update_script_paths_documentation: begin: Updating scripts documentation steps: 14
	update_script_paths_documentation: step 0: Elevator.gd
	update_script_paths_documentation: step 1: craft_world.gd
	update_script_paths_documentation: step 2: doorway.gd
	update_script_paths_documentation: step 3: flavour_spot.gd
	update_script_paths_documentation: step 4: interactable.gd
	update_script_paths_documentation: step 5: searchable.gd
	update_script_paths_documentation: step 6: minigames.gd
	update_script_paths_documentation: step 7: airlock_room.gd
	update_script_paths_documentation: step 8: cockpit.gd
	update_script_paths_documentation: step 9: eva_outside.gd
	update_script_paths_documentation: step 10: fighter_bay.gd
	update_script_paths_documentation: step 11: room_base.gd
	update_script_paths_documentation: step 12: science_lab.gd
	update_script_paths_documentation: step 13: viewing_deck.gd
update_script_paths_documentation: end
reimport: begin: (Re)Importing Assets steps: 6
	reimport: step 0: Executing post-reimport operations...
reimport: end
loading_editor_layout: begin: Loading editor steps: 5
	loading_editor_layout: step 0: Loading editor layout...
	loading_editor_layout: step 1: Loading docks...
	loading_editor_layout: step 2: Reopening scenes...
	loading_editor_layout: step 3: Loading central editor layout...
	loading_editor_layout: step 4: Loading plugin window layout...
	loading_editor_layout: step 5: Editor layout ready.
loading_editor_layout: end
WARNING: ObjectDB instances leaked at exit (run with --verbose for details).
   at: cleanup (core/object/object.cpp:2378)
ERROR: 40 resources still in use at exit (run with --verbose for details).
   at: clear (core/io/resource.cpp:614)
